<?xml version="1.0" encoding="UTF-8"?>
<testsuite name="FindReplaceTest" tests="4" skipped="0" failures="0" errors="0" timestamp="2016-09-07T18:05:46" hostname="epicodus-25.local" time="0.003">
  <properties/>
  <testcase name="replaceWord_replaceWholeWord_String" classname="FindReplaceTest" time="0.002"/>
  <testcase name="replaceWord_replaceNonCapitalWord_String" classname="FindReplaceTest" time="0.0"/>
  <testcase name="replaceWord_replacePartialWord_String" classname="FindReplaceTest" time="0.001"/>
  <testcase name="replaceWord_replaceCapitalWord_String" classname="FindReplaceTest" time="0.0"/>
  <system-out><![CDATA[]]></system-out>
  <system-err><![CDATA[]]></system-err>
</testsuite>
